Helloworld>>TESTNODE_madhu.sudhan01>>default>>2>>1642055753620
2087<<Runtime Response<<2022-01-13 12:05:55.438 IST<<TESTNODE_madhu.sudhan01<<03472b9c-b71b-4b31-acd4-12b7b239f97d
4041<<Runtime Response<<2022-01-13 12:05:55.438 IST<<default<<8cd5ea0d-4a06-4a6b-bd2a-d8e665957057
9307<<Runtime Response<<2022-01-13 12:05:55.439 IST<<Msg1#FCMComposite_1_2<<Msg1
2871<<Administration Result<<2022-01-13 12:05:55.439 IST<<ITLINFOSYS\madhu.sudhan01<<deploy<<C:/Users/madhu.sudhan01/IBM/IIBT10/workspace1/GeneratedBarFiles/Helloworldproject.generated.bar<<BAR<<default<<ExecutionGroup<<FAILED
Helloworld>>Msg1>>default>>2>>1642057489856
2087<<Runtime Response<<2022-01-13 12:34:52.084 IST<<Msg1<<9ff56c76-a1f5-429b-bd29-49e521bdf9e3
4041<<Runtime Response<<2022-01-13 12:34:52.085 IST<<default<<2f415a46-01ca-45fd-93c0-42df20d36fe4
9307<<Runtime Response<<2022-01-13 12:34:52.085 IST<<Msg1#FCMComposite_1_2<<Msg1
2871<<Administration Result<<2022-01-13 12:34:52.085 IST<<ITLINFOSYS\madhu.sudhan01<<deploy<<C:/Users/madhu.sudhan01/IBM/IIBT10/workspace1/GeneratedBarFiles/Helloworldproject.generated.bar<<BAR<<default<<ExecutionGroup<<FAILED
Helloworldproject.generated.bar>>Msg1>>default>>2>>1642057773302
2087<<Runtime Response<<2022-01-13 12:39:34.202 IST<<Msg1<<9ff56c76-a1f5-429b-bd29-49e521bdf9e3
4041<<Runtime Response<<2022-01-13 12:39:34.203 IST<<default<<2f415a46-01ca-45fd-93c0-42df20d36fe4
9307<<Runtime Response<<2022-01-13 12:39:34.203 IST<<Msg1#FCMComposite_1_2<<Msg1
2871<<Administration Result<<2022-01-13 12:39:34.205 IST<<ITLINFOSYS\madhu.sudhan01<<deploy<<C:/Users/madhu.sudhan01/IBM/IIBT10/workspace1/GeneratedBarFiles/Helloworldproject.generated.bar<<BAR<<default<<ExecutionGroup<<FAILED
Helloworld>>Msg1>>default>>2>>1642057858369
2087<<Runtime Response<<2022-01-13 12:40:59.136 IST<<Msg1<<9ff56c76-a1f5-429b-bd29-49e521bdf9e3
4041<<Runtime Response<<2022-01-13 12:40:59.137 IST<<default<<2f415a46-01ca-45fd-93c0-42df20d36fe4
9307<<Runtime Response<<2022-01-13 12:40:59.137 IST<<Msg1#FCMComposite_1_2<<Msg1
2871<<Administration Result<<2022-01-13 12:40:59.137 IST<<ITLINFOSYS\madhu.sudhan01<<deploy<<C:/Users/madhu.sudhan01/IBM/IIBT10/workspace1/GeneratedBarFiles/Helloworldproject.generated.bar<<BAR<<default<<ExecutionGroup<<FAILED
Helloworldproject.generated.bar>>Msg1>>default>>0>>1642061713486
2871<<Administration Result<<2022-01-13 13:45:14.280 IST<<ITLINFOSYS\madhu.sudhan01<<deploy<<C:/Users/madhu.sudhan01/IBM/IIBT10/workspace1/GeneratedBarFiles/Helloworldproject.generated.bar<<BAR<<default<<ExecutionGroup<<COMPLETE
Helloworld>>TESTNODE_madhu.sudhan01>>default>>0>>1642599058506
2871<<Administration Result<<2022-01-19 19:01:01.206 IST<<ITLINFOSYS\madhu.sudhan01<<deploy<<C:/Users/madhu.sudhan01/IBM/IIBT10/workspace1/GeneratedBarFiles/Helloworldproject.generated.bar<<BAR<<default<<ExecutionGroup<<COMPLETE
Helloworld>>Msg1>>default>>0>>1642599090436
2871<<Administration Result<<2022-01-19 19:01:37.185 IST<<ITLINFOSYS\madhu.sudhan01<<deploy<<C:/Users/madhu.sudhan01/IBM/IIBT10/workspace1/GeneratedBarFiles/Helloworldproject.generated.bar<<BAR<<default<<ExecutionGroup<<COMPLETE
Helloworld>>TESTNODE_madhu.sudhan01>>default>>0>>1642599164038
2871<<Administration Result<<2022-01-19 19:02:48.783 IST<<ITLINFOSYS\madhu.sudhan01<<deploy<<C:/Users/madhu.sudhan01/IBM/IIBT10/workspace1/GeneratedBarFiles/Helloworldproject.generated.bar<<BAR<<default<<ExecutionGroup<<COMPLETE
Helloworld>>TESTNODE_madhu.sudhan01>>default>>0>>1642599203379
2871<<Administration Result<<2022-01-19 19:03:26.212 IST<<ITLINFOSYS\madhu.sudhan01<<deploy<<C:/Users/madhu.sudhan01/IBM/IIBT10/workspace1/GeneratedBarFiles/Helloworldproject.generated.bar<<BAR<<default<<ExecutionGroup<<COMPLETE
Helloworld>>Msg1>>server1>>0>>1642599422889
2871<<Administration Result<<2022-01-19 19:07:04.083 IST<<ITLINFOSYS\madhu.sudhan01<<deploy<<C:/Users/madhu.sudhan01/IBM/IIBT10/workspace1/GeneratedBarFiles/Helloworldproject.generated.bar<<BAR<<server1<<ExecutionGroup<<COMPLETE
